2020-01-13 03:33:04,296 INFO [test thread] Checking crypto: 
2020-01-13 03:33:04,303 INFO [test thread] Mnemonic -> private key conversion works OK
2020-01-13 03:33:04,303 INFO [test thread] Testing requests:
2020-01-13 03:33:04,305 INFO [test thread] Got new block in main thread, block data: { "MSG" : "46B7E", "B" : 2134, , "PB" : 2134,  "PK" : "0395F8D54FDD5EDB7EEAB3228C952D39F5E60D048178F94AC992D4F76A6DCE4C71"  }
2020-01-13 03:33:04,305 INFO [test thread] Testing short request 
 result OK
2020-01-13 03:33:04,306 INFO [test thread] Got new block in main thread, block data: { "MSG" : "46B7E94915275125129581725817295812759128571925871285728572857285725285728571928517287519285718275192857192857192857192587129581729587129581728571295817295182759128751928571925871285782758782751928571827519285787BFAD202AB4E3DD9CC0603C1F61F53485854028B8FA03F399544FB298", "B" : 21348272353326780440333210501587889707005372997724693988999057291299,  "PK" : "0395F8D54FDD5EDB7EEAB3228C952D39F5E60D048178F94AC992D4F76A6DCE4C71"  }
2020-01-13 03:33:04,307 INFO [test thread] Testing big request 
 result OK
2020-01-13 03:33:04,307 ERROR [test thread] Jsmn failed to parse latest block
2020-01-13 03:33:04,307 ERROR [test thread] Block data:  "MSG"  "46B7E", "B" : 2134,  "PK" : "0395F8D54FDD5EDB7EEAB3228C952D39F5E60D048178F94AC992D4F76A6DCE4C71"  }
2020-01-13 03:33:04,308 INFO [test thread] Testing broken request 
 result OK
2020-01-13 03:33:04,308 ERROR [test thread] Some of expected fields not present in /block/candidate
2020-01-13 03:33:04,308 ERROR [test thread] Block data: { "MSG" : "46B7E", "PK" : "0395F8D54FDD5EDB7EEAB3228C952D39F5E60D048178F94AC992D4F76A6DCE4C71" }
2020-01-13 03:33:04,308 INFO [test thread] Testing uncomplete request 1 
 result OK
2020-01-13 03:33:04,308 ERROR [test thread] Some of expected fields not present in /block/candidate
2020-01-13 03:33:04,309 ERROR [test thread] Block data: { "B" : 2134,  "PK" : "0395F8D54FDD5EDB7EEAB3228C952D39F5E60D048178F94AC992D4F76A6DCE4C71"  }
2020-01-13 03:33:04,309 INFO [test thread] Testing uncomplete request 2 
 result OK
2020-01-13 03:34:33,546 INFO [test thread] Checking crypto: 
2020-01-13 03:34:33,561 INFO [test thread] Mnemonic -> private key conversion works OK
2020-01-13 03:34:33,561 INFO [test thread] Testing requests:
2020-01-13 03:34:33,561 INFO [test thread] Got new block in main thread, block data: { "MSG" : "46B7E", "B" : 2134, , "PB" : 2134,  "PK" : "0395F8D54FDD5EDB7EEAB3228C952D39F5E60D048178F94AC992D4F76A6DCE4C71"  }
2020-01-13 03:34:33,577 INFO [test thread] Testing short request 
 result OK
2020-01-13 03:34:33,577 INFO [test thread] Got new block in main thread, block data: { "MSG" : "46B7E94915275125129581725817295812759128571925871285728572857285725285728571928517287519285718275192857192857192857192587129581729587129581728571295817295182759128751928571925871285782758782751928571827519285787BFAD202AB4E3DD9CC0603C1F61F53485854028B8FA03F399544FB298", "B" : 21348272353326780440333210501587889707005372997724693988999057291299,  "PK" : "0395F8D54FDD5EDB7EEAB3228C952D39F5E60D048178F94AC992D4F76A6DCE4C71"  }
2020-01-13 03:34:33,624 INFO [test thread] Testing big request 
 result OK
2020-01-13 03:34:33,624 ERROR [test thread] Jsmn failed to parse latest block
2020-01-13 03:34:33,624 ERROR [test thread] Block data:  "MSG"  "46B7E", "B" : 2134,  "PK" : "0395F8D54FDD5EDB7EEAB3228C952D39F5E60D048178F94AC992D4F76A6DCE4C71"  }
2020-01-13 03:34:33,639 INFO [test thread] Testing broken request 
 result OK
2020-01-13 03:34:33,639 ERROR [test thread] Some of expected fields not present in /block/candidate
2020-01-13 03:34:33,655 ERROR [test thread] Block data: { "MSG" : "46B7E", "PK" : "0395F8D54FDD5EDB7EEAB3228C952D39F5E60D048178F94AC992D4F76A6DCE4C71" }
2020-01-13 03:34:33,655 INFO [test thread] Testing uncomplete request 1 
 result OK
2020-01-13 03:34:33,671 ERROR [test thread] Some of expected fields not present in /block/candidate
2020-01-13 03:34:33,671 ERROR [test thread] Block data: { "B" : 2134,  "PK" : "0395F8D54FDD5EDB7EEAB3228C952D39F5E60D048178F94AC992D4F76A6DCE4C71"  }
2020-01-13 03:34:33,691 INFO [test thread] Testing uncomplete request 2 
 result OK
2020-01-13 03:35:12,297 INFO [main thread] Number Of AMD GPUs: 0
